# JRE version: Java(TM) SE Runtime Environment (17.0+35) (build 17+35-LTS-2724)
# Java VM: Java HotSpot(TM) 64-Bit Server VM (17+35-LTS-2724, mixed mode, sharing, tiered, compressed oops, compressed class ptrs, g1 gc, windows-amd64)
GC Precious Log:
 CPUs: 4 total, 4 available
 Memory: 8173M
 Large Page Support: Disabled
 NUMA Support: Disabled
 Compressed Oops: Enabled (32-bit)
 Heap Region Size: 1M
 Heap Min Capacity: 8M
 Heap Initial Capacity: 128M
 Heap Max Capacity: 2044M
 Pre-touch: Disabled
 Parallel Workers: 4
 Concurrent Workers: 1
 Concurrent Refinement Workers: 4
 Periodic GC: Disabled
Heap:
 garbage-first heap   total 131072K, used 12749K [0x0000000080400000, 0x0000000100000000)
  region size 1024K, 11 young (11264K), 8 survivors (8192K)
 Metaspace       used 16977K, committed 17152K, reserved 1064960K
  class space    used 1977K, committed 2048K, reserved 1048576K
GC Heap History (8 events):
Event: 0.631 GC heap before
{Heap before GC invocations=0 (full 0):
 garbage-first heap   total 131072K, used 13312K [0x0000000080400000, 0x0000000100000000)
  region size 1024K, 13 young (13312K), 0 survivors (0K)
 Metaspace       used 3654K, committed 3776K, reserved 1056768K
  class space    used 386K, committed 448K, reserved 1048576K
}
Event: 0.636 GC heap after
{Heap after GC invocations=1 (full 0):
 garbage-first heap   total 131072K, used 3229K [0x0000000080400000, 0x0000000100000000)
  region size 1024K, 2 young (2048K), 2 survivors (2048K)
 Metaspace       used 3654K, committed 3776K, reserved 1056768K
  class space    used 386K, committed 448K, reserved 1048576K
}
Event: 0.995 GC heap before
{Heap before GC invocations=1 (full 0):
 garbage-first heap   total 131072K, used 15517K [0x0000000080400000, 0x0000000100000000)
  region size 1024K, 14 young (14336K), 2 survivors (2048K)
 Metaspace       used 5748K, committed 5888K, reserved 1056768K
  class space    used 687K, committed 768K, reserved 1048576K
}
Event: 0.999 GC heap after
{Heap after GC invocations=2 (full 0):
 garbage-first heap   total 131072K, used 3931K [0x0000000080400000, 0x0000000100000000)
  region size 1024K, 1 young (1024K), 1 survivors (1024K)
 Metaspace       used 5748K, committed 5888K, reserved 1056768K
  class space    used 687K, committed 768K, reserved 1048576K
}
Event: 1.784 GC heap before
{Heap before GC invocations=2 (full 0):
 garbage-first heap   total 131072K, used 34651K [0x0000000080400000, 0x0000000100000000)
  region size 1024K, 31 young (31744K), 1 survivors (1024K)
 Metaspace       used 10203K, committed 10368K, reserved 1064960K
  class space    used 1249K, committed 1344K, reserved 1048576K
}
Event: 1.788 GC heap after
{Heap after GC invocations=3 (full 0):
 garbage-first heap   total 131072K, used 5678K [0x0000000080400000, 0x0000000100000000)
  region size 1024K, 3 young (3072K), 3 survivors (3072K)
 Metaspace       used 10203K, committed 10368K, reserved 1064960K
  class space    used 1249K, committed 1344K, reserved 1048576K
}
Event: 3.990 GC heap before
{Heap before GC invocations=3 (full 0):
 garbage-first heap   total 131072K, used 80430K [0x0000000080400000, 0x0000000100000000)
  region size 1024K, 76 young (77824K), 3 survivors (3072K)
 Metaspace       used 16948K, committed 17152K, reserved 1064960K
  class space    used 1977K, committed 2048K, reserved 1048576K
}
Event: 4.005 GC heap after
{Heap after GC invocations=4 (full 0):
 garbage-first heap   total 131072K, used 10701K [0x0000000080400000, 0x0000000100000000)
  region size 1024K, 8 young (8192K), 8 survivors (8192K)
 Metaspace       used 16948K, committed 17152K, reserved 1064960K
  class space    used 1977K, committed 2048K, reserved 1048576K
}

